<?xml version="1.0" encoding="UTF-8" ?>
<testsuite tests="12" failures="0" name="FactureMetierTest" time="0.003" errors="0" skipped="0">
  <properties>
    <property name="java.runtime.name" value="Java(TM) SE Runtime Environment"/>
    <property name="sun.boot.library.path" value="C:\Program Files\Java\jre1.8.0_121\bin"/>
    <property name="java.vm.version" value="25.121-b13"/>
    <property name="java.vm.vendor" value="Oracle Corporation"/>
    <property name="java.vendor.url" value="http://java.oracle.com/"/>
    <property name="path.separator" value=";"/>
    <property name="guice.disable.misplaced.annotation.check" value="true"/>
    <property name="java.vm.name" value="Java HotSpot(TM) 64-Bit Server VM"/>
    <property name="file.encoding.pkg" value="sun.io"/>
    <property name="user.script" value=""/>
    <property name="user.country" value="FR"/>
    <property name="sun.java.launcher" value="SUN_STANDARD"/>
    <property name="sun.os.patch.level" value="Service Pack 1"/>
    <property name="java.vm.specification.name" value="Java Virtual Machine Specification"/>
    <property name="user.dir" value="C:\Users\frup66521\workspace\calculWeb\facture"/>
    <property name="java.runtime.version" value="1.8.0_121-b13"/>
    <property name="java.awt.graphicsenv" value="sun.awt.Win32GraphicsEnvironment"/>
    <property name="java.endorsed.dirs" value="C:\Program Files\Java\jre1.8.0_121\lib\endorsed"/>
    <property name="os.arch" value="amd64"/>
    <property name="java.io.tmpdir" value="C:\Users\FRUP66~1\AppData\Local\Temp\"/>
    <property name="line.separator" value="
"/>
    <property name="java.vm.specification.vendor" value="Oracle Corporation"/>
    <property name="user.variant" value=""/>
    <property name="os.name" value="Windows 7"/>
    <property name="classworlds.conf" value="C:\Users\frup66521\workspace\calculWeb\.metadata\.plugins\org.eclipse.m2e.launching\launches\m2conf6486615714501222713.tmp"/>
    <property name="sun.jnu.encoding" value="Cp1252"/>
    <property name="java.library.path" value="C:\Program Files\Java\jre1.8.0_121\bin;C:\windows\Sun\Java\bin;C:\windows\system32;C:\windows;E:\app\frup66521\product\12.2.0\dbhome_1\bin;C:\ProgramData\Oracle\Java\javapath;C:\Program Files (x86)\Intel\iCLS Client\;C:\Program Files\Intel\iCLS Client\;C:\windows\system32;C:\windows;C:\windows\System32\Wbem;C:\windows\System32\WindowsPowerShell\v1.0\;C:\Program Files (x86)\Hewlett-Packard\HP Performance Advisor;C:\Program Files\Intel\WiFi\bin\;C:\Program Files\Common Files\Intel\WirelessCommon\;C:\Program Files\Intel\Intel(R) Management Engine Components\DAL;C:\Program Files (x86)\Intel\Intel(R) Management Engine Components\DAL;C:\Program Files\Intel\Intel(R) Management Engine Components\IPT;C:\Program Files (x86)\Intel\Intel(R) Management Engine Components\IPT;C:\Program Files\TortoiseSVN\bin;C:\Program Files\nodejs\;C:\Users\frup66521\tools\Java\jdk1.8.0_121\bin;C:\Users\frup66521\tools\Java\jre1.8.0_121\bin;C:\Program Files\Apache Software Foundation\Tomcat 7.0\lib;C:\Users\frup66521\tools\maven\apache-maven-3.3.9\bin;C:\tools\ant\apache-ant-1.10.1-bin\apache-ant-1.10.1\bin;C:\Users\frup66521\jrebel;;C:\Program Files\PuTTY\;C:\Program Files\Git\cmd;C:\Program Files (x86)\GNU\GnuPG\pub;C:\Program Files (x86)\Skype\Phone\;C:\Users\frup66521\AppData\Roaming\npm;C:\Users\frup66521\tools\Java\jdk1.8.0_121\bin;C:\Users\frup66521\tools\Java\jre1.8.0_121\bin;C:\Users\frup66521\tools\apache-tomcat-7.0.75\lib;C:\Users\frup66521\tools\maven\apache-maven-3.3.9\bin;C:\tools\ant\apache-ant-1.10.1-bin\apache-ant-1.10.1\bin;C:\Users\frup66521\jrebel\bin;;."/>
    <property name="java.specification.name" value="Java Platform API Specification"/>
    <property name="java.class.version" value="52.0"/>
    <property name="sun.management.compiler" value="HotSpot 64-Bit Tiered Compilers"/>
    <property name="os.version" value="6.1"/>
    <property name="user.home" value="C:\Users\frup66521"/>
    <property name="user.timezone" value="Europe/Paris"/>
    <property name="java.awt.printerjob" value="sun.awt.windows.WPrinterJob"/>
    <property name="java.specification.version" value="1.8"/>
    <property name="file.encoding" value="Cp1252"/>
    <property name="user.name" value="frup66521"/>
    <property name="java.class.path" value="/C:/envdev/eclipse-jee-luna-SR2-win32-x86_64/eclipse/plugins/org.eclipse.m2e.maven.runtime_1.5.1.20150109-1819/jars/plexus-classworlds-2.5.1.jar"/>
    <property name="org.slf4j.simpleLogger.defaultLogLevel" value="info"/>
    <property name="java.vm.specification.version" value="1.8"/>
    <property name="sun.arch.data.model" value="64"/>
    <property name="java.home" value="C:\Program Files\Java\jre1.8.0_121"/>
    <property name="sun.java.command" value="org.codehaus.plexus.classworlds.launcher.Launcher -B install"/>
    <property name="java.specification.vendor" value="Oracle Corporation"/>
    <property name="user.language" value="fr"/>
    <property name="awt.toolkit" value="sun.awt.windows.WToolkit"/>
    <property name="java.vm.info" value="mixed mode"/>
    <property name="java.version" value="1.8.0_121"/>
    <property name="java.ext.dirs" value="C:\Program Files\Java\jre1.8.0_121\lib\ext;C:\windows\Sun\Java\lib\ext"/>
    <property name="sun.boot.class.path" value="C:\Program Files\Java\jre1.8.0_121\lib\resources.jar;C:\Program Files\Java\jre1.8.0_121\lib\rt.jar;C:\Program Files\Java\jre1.8.0_121\lib\sunrsasign.jar;C:\Program Files\Java\jre1.8.0_121\lib\jsse.jar;C:\Program Files\Java\jre1.8.0_121\lib\jce.jar;C:\Program Files\Java\jre1.8.0_121\lib\charsets.jar;C:\Program Files\Java\jre1.8.0_121\lib\jfr.jar;C:\Program Files\Java\jre1.8.0_121\classes"/>
    <property name="java.vendor" value="Oracle Corporation"/>
    <property name="maven.home" value="C:\Users\frup66521\workspace\calculWeb\facture\EMBEDDED"/>
    <property name="file.separator" value="\"/>
    <property name="java.vendor.url.bug" value="http://bugreport.sun.com/bugreport/"/>
    <property name="sun.cpu.endian" value="little"/>
    <property name="sun.io.unicode.encoding" value="UnicodeLittle"/>
    <property name="sun.desktop" value="windows"/>
    <property name="sun.cpu.isalist" value="amd64"/>
  </properties>
  <testcase classname="FactureMetierTest" name="testfactureTroisBoiteContreMigraineLocal" time="0.003"/>
  <testcase classname="FactureMetierTest" name="testGetSommeTotalFactureAndTaxeFirstInput" time="0"/>
  <testcase classname="FactureMetierTest" name="testGetSommeTotalFactureAndTaxethirdInput" time="0"/>
  <testcase classname="FactureMetierTest" name="testGetSommeTotalFactureAndTaxeSecondeInput" time="0"/>
  <testcase classname="FactureMetierTest" name="testfactureDeuxBoitesChocoLocal" time="0"/>
  <testcase classname="FactureMetierTest" name="testfactureDeuxLivreLocal" time="0"/>
  <testcase classname="FactureMetierTest" name="testfactureUnCdLocal" time="0"/>
  <testcase classname="FactureMetierTest" name="testfactureTroisBarreChocoLocal" time="0"/>
  <testcase classname="FactureMetierTest" name="testfactureDeuxBoitesChocoImp" time="0"/>
  <testcase classname="FactureMetierTest" name="testfactureDeuxFlaconParfImpo" time="0"/>
  <testcase classname="FactureMetierTest" name="testfactureUnFlaconParfLocal" time="0"/>
  <testcase classname="FactureMetierTest" name="testfactureDeuxBoiteChocolatImpo" time="0"/>
</testsuite>